<?xml version="1.0" encoding="UTF-8"?>
<!-- Generated by org.testng.reporters.JUnitReportReporter -->
<testsuite skipped="0" hostname="MacBook-Pro.local" name="sampletest.sample_test.AppTest" tests="6" failures="0" timestamp="01 Apr 2020 03:14:44 GMT" time="1.704" errors="0">
  <testcase name="checkCapitalCodeForValidData" time="1.020" classname="sampletest.sample_test.AppTest"/>
  <testcase name="checkCapitalCodeForInvalidData" time="0.120" classname="sampletest.sample_test.AppTest"/>
  <testcase name="checkCapitalCodeForEmptyData" time="0.126" classname="sampletest.sample_test.AppTest"/>
  <testcase name="checkCapitalNameForValidData" time="0.140" classname="sampletest.sample_test.AppTest"/>
  <testcase name="checkCapitalNameForInvalidData" time="0.156" classname="sampletest.sample_test.AppTest"/>
  <testcase name="checkCapitalNameForEmptyData" time="0.142" classname="sampletest.sample_test.AppTest"/>
</testsuite> <!-- sampletest.sample_test.AppTest -->
